<?xml version="1.0" encoding="UTF-8"?>
<!-- Generated by org.testng.reporters.JUnitXMLReporter -->
<testsuite ignored="0" hostname="DESKTOP-U6LFTDP" failures="0" tests="6" name="Default test" time="16.959" errors="0" timestamp="2023-08-04T12:11:59 IST">
  <testcase classname="com.framework.KeywordDrivenFW" name="test" time="5.815"/>
  <testcase classname="com.framework.KeywordDrivenFW" name="test" time="2.837"/>
  <testcase classname="com.framework.KeywordDrivenFW" name="test" time="2.227"/>
  <testcase classname="com.framework.KeywordDrivenFW" name="test" time="2.128"/>
  <testcase classname="com.framework.KeywordDrivenFW" name="test" time="2.211"/>
  <testcase classname="com.framework.KeywordDrivenFW" name="test" time="0.204"/>
</testsuite> <!-- Default test -->
