<?xml version="1.0" encoding="UTF-8"?>
<!-- Generated by org.testng.reporters.JUnitXMLReporter -->
<testsuite ignored="0" hostname="DESKTOP-U6LFTDP" failures="0" tests="6" name="Default test" time="14.544" errors="0" timestamp="2023-07-31T08:55:51 IST">
  <testcase classname="com.framework.HybridFW" name="test" time="3.895"/>
  <testcase classname="com.framework.HybridFW" name="test" time="3.027"/>
  <testcase classname="com.framework.HybridFW" name="test" time="2.183"/>
  <testcase classname="com.framework.HybridFW" name="test" time="2.133"/>
  <testcase classname="com.framework.HybridFW" name="test" time="2.196"/>
  <testcase classname="com.framework.HybridFW" name="test" time="0.174"/>
</testsuite> <!-- Default test -->
